1630682540710	mozrunner::runner	INFO	Running command: "/Applications/Firefox.app/Contents/MacOS/firefox-bin" "-marionette" "-headless" "-foreground" "-no-remote" "-profile" "/var/folders/0z/61rtjfnx48vfbf8l3l2017fc0000gn/T/rust_mozprofile1cuKAF"
*** You are running in headless mode.
1630682541325	Marionette	INFO	Marionette enabled
[GFX1-]: RenderCompositorSWGL failed mapping default framebuffer, no dt
console.warn: SearchSettings: "get: No settings file exists, new profile?" (new NotFoundError("Could not open the file at /var/folders/0z/61rtjfnx48vfbf8l3l2017fc0000gn/T/rust_mozprofile1cuKAF/search.json.mozlz4", (void 0)))
console.error: BackgroundUpdate: 
  _reasonsToNotScheduleUpdates: Failed to check for Maintenance Service Registry Key: [Exception... "Component returned failure code: 0x80004001 (NS_ERROR_NOT_IMPLEMENTED) [nsIUpdateProcessor.getServiceRegKeyExists]"  nsresult: "0x80004001 (NS_ERROR_NOT_IMPLEMENTED)"  location: "JS frame :: resource://gre/modules/BackgroundUpdate.jsm :: _reasonsToNotScheduleUpdates :: line 243"  data: no]
1630682542828	Marionette	INFO	Listening on port 62476
1630682542918	RemoteAgent	WARN	TLS certificate errors will be ignored for this session
JavaScript error: https://www.graphicpear.com/wp-content/themes/GraphicPear/slidebars/slidebars.js, line 363: ReferenceError: jQuery is not defined
JavaScript error: https://www.graphicpear.com/mockups/, line 72: ReferenceError: jQuery is not defined
JavaScript error: https://www.graphicpear.com/mockups/, line 72: ReferenceError: jQuery is not defined
JavaScript error: https://www.graphicpear.com/mockups/, line 79: ReferenceError: jQuery is not defined
JavaScript error: https://www.graphicpear.com/mockups/, line 91: ReferenceError: jQuery is not defined
JavaScript error: https://www.graphicpear.com/mockups/, line 99: ReferenceError: jQuery is not defined
JavaScript error: https://www.graphicpear.com/wp-content/themes/GraphicPear/slidebars/slidebars.js, line 363: ReferenceError: jQuery is not defined
JavaScript error: https://www.graphicpear.com/mockups/page/3/, line 72: ReferenceError: jQuery is not defined
JavaScript error: https://www.graphicpear.com/mockups/page/3/, line 72: ReferenceError: jQuery is not defined
JavaScript error: https://www.graphicpear.com/mockups/page/3/, line 79: ReferenceError: jQuery is not defined
JavaScript error: https://www.graphicpear.com/mockups/page/3/, line 91: ReferenceError: jQuery is not defined
JavaScript error: https://www.graphicpear.com/mockups/page/3/, line 99: ReferenceError: jQuery is not defined
JavaScript error: https://www.graphicpear.com/wp-content/themes/GraphicPear/slidebars/slidebars.js, line 363: ReferenceError: jQuery is not defined
JavaScript error: https://www.graphicpear.com/mockups/page/4/, line 72: ReferenceError: jQuery is not defined
JavaScript error: https://www.graphicpear.com/mockups/page/4/, line 72: ReferenceError: jQuery is not defined
JavaScript error: https://www.graphicpear.com/mockups/page/4/, line 79: ReferenceError: jQuery is not defined
JavaScript error: https://www.graphicpear.com/mockups/page/4/, line 91: ReferenceError: jQuery is not defined
JavaScript error: https://www.graphicpear.com/mockups/page/4/, line 99: ReferenceError: jQuery is not defined
JavaScript error: https://www.graphicpear.com/wp-content/themes/GraphicPear/slidebars/slidebars.js, line 363: ReferenceError: jQuery is not defined
JavaScript error: https://www.graphicpear.com/mockups/page/5/, line 72: ReferenceError: jQuery is not defined
JavaScript error: https://www.graphicpear.com/mockups/page/5/, line 72: ReferenceError: jQuery is not defined
JavaScript error: https://www.graphicpear.com/mockups/page/5/, line 79: ReferenceError: jQuery is not defined
JavaScript error: https://www.graphicpear.com/mockups/page/5/, line 91: ReferenceError: jQuery is not defined
JavaScript error: https://www.graphicpear.com/mockups/page/5/, line 99: ReferenceError: jQuery is not defined
JavaScript error: https://www.graphicpear.com/wp-content/themes/GraphicPear/slidebars/slidebars.js, line 363: ReferenceError: jQuery is not defined
JavaScript error: https://www.graphicpear.com/mockups/page/6/, line 72: ReferenceError: jQuery is not defined
JavaScript error: https://www.graphicpear.com/mockups/page/6/, line 72: ReferenceError: jQuery is not defined
JavaScript error: https://www.graphicpear.com/mockups/page/6/, line 79: ReferenceError: jQuery is not defined
JavaScript error: https://www.graphicpear.com/mockups/page/6/, line 91: ReferenceError: jQuery is not defined
JavaScript error: https://www.graphicpear.com/mockups/page/6/, line 99: ReferenceError: jQuery is not defined
JavaScript error: https://www.graphicpear.com/wp-content/themes/GraphicPear/slidebars/slidebars.js, line 363: ReferenceError: jQuery is not defined
JavaScript error: https://www.graphicpear.com/mockups/page/7/, line 72: ReferenceError: jQuery is not defined
JavaScript error: https://www.graphicpear.com/mockups/page/7/, line 72: ReferenceError: jQuery is not defined
JavaScript error: https://www.graphicpear.com/mockups/page/7/, line 79: ReferenceError: jQuery is not defined
JavaScript error: https://www.graphicpear.com/mockups/page/7/, line 91: ReferenceError: jQuery is not defined
JavaScript error: https://www.graphicpear.com/mockups/page/7/, line 99: ReferenceError: jQuery is not defined
JavaScript error: https://www.graphicpear.com/wp-content/themes/GraphicPear/slidebars/slidebars.js, line 363: ReferenceError: jQuery is not defined
JavaScript error: https://www.graphicpear.com/mockups/page/8/, line 72: ReferenceError: jQuery is not defined
JavaScript error: https://www.graphicpear.com/mockups/page/8/, line 72: ReferenceError: jQuery is not defined
JavaScript error: https://www.graphicpear.com/mockups/page/8/, line 79: ReferenceError: jQuery is not defined
JavaScript error: https://www.graphicpear.com/mockups/page/8/, line 91: ReferenceError: jQuery is not defined
JavaScript error: https://www.graphicpear.com/mockups/page/8/, line 99: ReferenceError: jQuery is not defined
JavaScript error: https://www.graphicpear.com/wp-content/themes/GraphicPear/slidebars/slidebars.js, line 363: ReferenceError: jQuery is not defined
JavaScript error: https://www.graphicpear.com/mockups/page/9/, line 72: ReferenceError: jQuery is not defined
JavaScript error: https://www.graphicpear.com/mockups/page/9/, line 72: ReferenceError: jQuery is not defined
JavaScript error: https://www.graphicpear.com/mockups/page/9/, line 79: ReferenceError: jQuery is not defined
JavaScript error: https://www.graphicpear.com/mockups/page/9/, line 91: ReferenceError: jQuery is not defined
JavaScript error: https://www.graphicpear.com/mockups/page/9/, line 99: ReferenceError: jQuery is not defined
1630682554881	Marionette	INFO	Stopped listening on port 62476
JavaScript error: resource:///modules/Interactions.jsm, line 209: NS_ERROR_FAILURE: Component returned failure code: 0x80004005 (NS_ERROR_FAILURE) [nsIUserIdleService.removeIdleObserver]

###!!! [Parent][RunMessage] Error: Channel closing: too late to send/recv, messages will be lost

